<?xml version="1.0" encoding="UTF-8"?>
<!-- Generated by org.testng.reporters.JUnitReportReporter -->
<testsuite skipped="0" hostname="L480-GUPATIL" name="rest.city.api.FindCityByIdTest" tests="1" failures="0" timestamp="2019-12-13T22:56:33 IST" time="1.607" errors="0">
  <testcase name="verifyFindCity" time="1.607" classname="rest.city.api.FindCityByIdTest"/>
</testsuite> <!-- rest.city.api.FindCityByIdTest -->
