<?xml version="1.0" encoding="UTF-8"?>
<!-- Generated by org.testng.reporters.JUnitReportReporter -->
<testsuite skipped="0" hostname="L480-GUPATIL" name="rest.city.api.PartialUpdateCityTest" tests="1" failures="0" timestamp="2019-12-13T23:10:46 IST" time="3.388" errors="0">
  <testcase name="verifyPartialUpdateCity" time="3.388" classname="rest.city.api.PartialUpdateCityTest"/>
</testsuite> <!-- rest.city.api.PartialUpdateCityTest -->
